[Tue Mar 23 05:30:13 UTC 2021][INFO] [Action] EE NewBook
[Tue Mar 23 05:30:16 UTC 2021][INFO] [Action] E ItemChanged - 1,5
[Tue Mar 23 05:30:21 UTC 2021][INFO] [Action] E ItemChanged - 0,2
[Tue Mar 23 05:30:28 UTC 2021][INFO] [Action] EE AddPanel - 0.000000,0.187469,1361.000000,850.625061,1,5400.000000,3375.000000,0
[Tue Mar 23 05:30:30 UTC 2021][INFO] [Action] E ItemChanged - 1,10
[Tue Mar 23 05:30:36 UTC 2021][INFO] [Action] EE AddPanel - 0.000000,0.187469,1361.000000,850.625061,1,5400.000000,3375.000000,1
[Tue Mar 23 05:30:47 UTC 2021][INFO] [Action] EE AddPanel - 7.000000,16.000000,650.000000,820.000000,2,5400.000000,3375.000000,1
[Tue Mar 23 05:30:51 UTC 2021][INFO] [Action] EE UpdatePanelBoundsAction - 7.000000,7.999999,650.000061,827.999939,2,5400.000000,3375.000000,1
[Tue Mar 23 05:30:53 UTC 2021][INFO] [Action] EE UpdatePanelBoundsAction - 7.000001,7.999999,654.000122,838.999939,2,5400.000000,3375.000000,1
[Tue Mar 23 05:31:00 UTC 2021][INFO] [Action] EE AddPanel - 119.000000,85.000000,439.000000,134.000000,3,5400.000000,3375.000000,1
[Tue Mar 23 05:31:07 UTC 2021][INFO] [Action] EE AddPanel - 118.000000,222.000000,442.000000,367.000000,4,5400.000000,3375.000000,1
[Tue Mar 23 05:31:17 UTC 2021][INFO] [Action] EE AddPanel - 668.000000,12.000000,691.000000,833.000000,5,5400.000000,3375.000000,1
[Tue Mar 23 05:31:24 UTC 2021][INFO] [Action] EE AddPanel - 25.000000,33.000000,1312.000000,776.000000,6,5400.000000,3375.000000,1
[Tue Mar 23 05:31:31 UTC 2021][INFO] [Action] EE UpdateMaskColorAction
[Tue Mar 23 05:31:31 UTC 2021][INFO] [Action] E ItemChanged - 0,2
[Tue Mar 23 05:31:38 UTC 2021][INFO] [Action] EE UpdateMaskColorAction
[Tue Mar 23 05:31:40 UTC 2021][INFO] [Action] E ItemChanged - 2,43
[Tue Mar 23 05:31:50 UTC 2021][INFO] [Action] EE AddPanel - 0.000000,0.187469,1361.000000,850.625061,1,5400.000000,3375.000000,2
[Tue Mar 23 05:33:58 UTC 2021][INFO] [Action] EE AddPanel - 109.000000,16.000000,424.000000,125.000000,2,5400.000000,3375.000000,2
[Tue Mar 23 05:34:03 UTC 2021][INFO] [Action] EE AddPanel - 160.000000,143.000000,335.000000,63.000000,3,5400.000000,3375.000000,2
[Tue Mar 23 05:34:12 UTC 2021][INFO] [Action] EE AddPanel - 60.000000,232.000000,224.000000,302.000000,4,5400.000000,3375.000000,2
[Tue Mar 23 05:34:19 UTC 2021][INFO] [Action] EE AddPanel - 242.000000,343.000000,274.000000,300.000000,5,5400.000000,3375.000000,2
[Tue Mar 23 05:36:40 UTC 2021][INFO] [Action] E SaveBook - Save
[Tue Mar 23 05:37:20 UTC 2021][INFO] [Action] EE AddPanel - 701.000000,59.000000,381.000000,84.000000,6,5400.000000,3375.000000,2
[Tue Mar 23 05:37:25 UTC 2021][INFO] [Action] EE AddPanel - 890.000000,152.000000,356.000000,136.000000,7,5400.000000,3375.000000,2
[Tue Mar 23 05:37:55 UTC 2021][INFO] [Action] EE AddPanel - 19.000000,142.000000,1316.000000,668.000000,8,5400.000000,3375.000000,2
[Tue Mar 23 05:38:03 UTC 2021][INFO] [Action] EE UpdatePanelBoundsAction - 19.000002,30.000000,1316.000122,779.999939,8,5400.000000,3375.000000,2
[Tue Mar 23 05:38:10 UTC 2021][INFO] [Action] EE UpdateMaskColorAction
[Tue Mar 23 05:38:11 UTC 2021][INFO] [Action] E ItemChanged - 3,86
[Tue Mar 23 05:38:16 UTC 2021][INFO] [Action] EE AddPanel - 0.000000,0.187469,1361.000000,850.625061,1,5400.000000,3375.000000,3
[Tue Mar 23 05:38:53 UTC 2021][INFO] [Action] EE AddPanel - 5.000000,12.000000,673.000000,833.000000,2,5400.000000,3375.000000,3
[Tue Mar 23 05:38:56 UTC 2021][INFO] [Action] EE UpdatePanelBoundsAction - 5.000000,5.000000,673.000000,840.000000,2,5400.000000,3375.000000,3
[Tue Mar 23 05:39:27 UTC 2021][INFO] [Action] EE AddPanel - 389.000000,30.000000,246.000000,165.000000,3,5400.000000,3375.000000,3
[Tue Mar 23 05:39:59 UTC 2021][INFO] [Action] EE AddPanel - 68.000000,429.000000,211.000000,180.000000,4,5400.000000,3375.000000,3
[Tue Mar 23 05:40:06 UTC 2021][INFO] [Action] EE AddPanel - 281.000000,531.000000,324.000000,130.000000,5,5400.000000,3375.000000,3
[Tue Mar 23 05:40:12 UTC 2021][INFO] [Action] EE UpdatePanelBoundsAction - 272.000031,531.000000,333.000031,130.000000,5,5400.000000,3375.000000,3
[Tue Mar 23 05:40:18 UTC 2021][INFO] [Action] EE UpdatePanelBoundsAction - 272.000061,524.000000,333.000061,137.000000,5,5400.000000,3375.000000,3
[Tue Mar 23 05:40:28 UTC 2021][INFO] [Action] EE AddPanel - 224.000000,717.000000,180.000000,78.000000,6,5400.000000,3375.000000,3
[Tue Mar 23 05:40:37 UTC 2021][INFO] [Action] EE AddPanel - 16.000000,162.000000,649.000000,675.000000,7,5400.000000,3375.000000,3
[Tue Mar 23 05:40:47 UTC 2021][INFO] [Action] EE UpdatePanelBoundsAction - 16.000002,181.000000,649.000000,655.999939,7,5400.000000,3375.000000,3
[Tue Mar 23 05:42:24 UTC 2021][INFO] [Action] E SaveBook - Save
[Tue Mar 23 05:52:44 UTC 2021][INFO] [Action] EE AddPanel - 688.000000,11.000000,665.000000,832.000000,8,5400.000000,3375.000000,3
[Tue Mar 23 05:52:52 UTC 2021][INFO] [Action] EE AddPanel - 736.000000,30.000000,521.000000,56.000000,9,5400.000000,3375.000000,3
[Tue Mar 23 05:52:55 UTC 2021][INFO] [Action] E SaveBook - Save
[Tue Mar 23 05:53:22 UTC 2021][INFO] [Action] EE AddPanel - 930.000000,142.000000,324.000000,252.000000,10,5400.000000,3375.000000,3
[Tue Mar 23 05:53:32 UTC 2021][INFO] [Action] EE AddPanel - 768.000000,352.000000,341.000000,205.000000,11,5400.000000,3375.000000,3
[Tue Mar 23 05:53:53 UTC 2021][INFO] [Action] EE UpdatePanelBoundsAction - 930.000061,142.000000,233.000061,127.000000,10,5400.000000,3375.000000,3
[Tue Mar 23 05:53:55 UTC 2021][INFO] [Action] EE UpdatePanelBoundsAction - 893.000122,142.000000,270.000122,127.000000,10,5400.000000,3375.000000,3
[Tue Mar 23 06:03:03 UTC 2021][INFO] [Action] E SaveBook - Save
[Tue Mar 23 06:54:12 UTC 2021][INFO] [Action] EE AddPanel - 707.000000,117.000000,640.000000,711.000000,12,5400.000000,3375.000000,3
[Tue Mar 23 06:54:17 UTC 2021][INFO] [Action] EE UpdatePanelBoundsAction - 224.060944,716.980835,179.702423,77.879448,6,5400.000000,3375.000000,3
[Tue Mar 23 06:54:22 UTC 2021][INFO] [Action] EE UpdatePanelBoundsAction - 685.000061,7.000000,668.000061,835.999939,8,5400.000000,3375.000000,3
[Tue Mar 23 06:54:24 UTC 2021][INFO] [Action] EE UpdatePanelBoundsAction - 5.000000,5.000000,676.000000,840.000000,2,5400.000000,3375.000000,3
[Tue Mar 23 06:54:28 UTC 2021][INFO] [Action] EE UpdatePanelBoundsAction - 683.000061,7.000000,670.000061,836.999878,8,5400.000000,3375.000000,3
[Tue Mar 23 06:54:43 UTC 2021][INFO] [Action] EE UpdateMaskColorAction
[Tue Mar 23 06:54:45 UTC 2021][INFO] [Action] E ItemChanged - 4,149
[Tue Mar 23 06:54:50 UTC 2021][INFO] [Action] EE AddPanel - 0.000000,0.187469,1361.000000,850.625061,1,5400.000000,3375.000000,4
[Tue Mar 23 06:54:59 UTC 2021][INFO] [Action] EE AddPanel - 9.000000,18.000000,675.000000,822.000000,2,5400.000000,3375.000000,4
[Tue Mar 23 06:55:04 UTC 2021][INFO] [Action] EE UpdatePanelBoundsAction - 9.000001,5.999998,675.000061,833.999939,2,5400.000000,3375.000000,4
[Tue Mar 23 06:55:06 UTC 2021][INFO] [Action] EE UpdatePanelBoundsAction - 6.000002,5.999998,678.000122,833.999878,2,5400.000000,3375.000000,4
[Tue Mar 23 06:55:10 UTC 2021][INFO] [Action] EE UpdatePanelBoundsAction - 6.000002,5.999998,678.000122,839.999817,2,5400.000000,3375.000000,4
[Tue Mar 23 06:55:19 UTC 2021][INFO] [Action] EE AddPanel - 692.000000,16.000000,661.000000,830.000000,3,5400.000000,3375.000000,4
[Tue Mar 23 06:55:22 UTC 2021][INFO] [Action] EE UpdatePanelBoundsAction - 692.000000,7.999999,661.000000,837.999939,3,5400.000000,3375.000000,4
[Tue Mar 23 06:55:25 UTC 2021][INFO] [Action] EE UpdatePanelBoundsAction - 690.000000,7.999999,663.000000,837.999878,3,5400.000000,3375.000000,4
[Tue Mar 23 06:55:28 UTC 2021][INFO] [Action] E SaveBook - Save
[Tue Mar 23 06:55:35 UTC 2021][INFO] [Action] EE AddPanel - 56.000000,34.000000,492.000000,68.000000,4,5400.000000,3375.000000,4
[Tue Mar 23 06:55:39 UTC 2021][INFO] [Action] EE DeletePanel - 690.000000,7.999999,663.000061,837.999817,3,4
[Tue Mar 23 06:56:00 UTC 2021][INFO] [Action] EE AddPanel - 178.000000,118.000000,151.000000,95.000000,4,5400.000000,3375.000000,4
[Tue Mar 23 06:56:09 UTC 2021][INFO] [Action] EE AddPanel - 321.000000,214.000000,289.000000,174.000000,5,5400.000000,3375.000000,4
[Tue Mar 23 06:56:16 UTC 2021][INFO] [Action] EE UpdatePanelBoundsAction - 6.000002,-0.000002,678.000122,839.999817,2,5400.000000,3375.000000,4
[Tue Mar 23 06:56:21 UTC 2021][INFO] [Action] EE UpdatePanelBoundsAction - 321.000000,213.999985,289.000000,151.999985,5,5400.000000,3375.000000,4
[Tue Mar 23 06:56:25 UTC 2021][INFO] [Action] EE AddPanel - 222.000000,366.000000,194.000000,210.000000,6,5400.000000,3375.000000,4
[Tue Mar 23 06:56:41 UTC 2021][INFO] [Action] EE AddPanel - 414.000000,626.000000,134.000000,47.000000,7,5400.000000,3375.000000,4
[Tue Mar 23 06:56:48 UTC 2021][INFO] [Action] EE AddPanel - 17.000000,107.000000,659.000000,711.000000,8,5400.000000,3375.000000,4
[Tue Mar 23 06:58:59 UTC 2021][INFO] [Action] EE AddPanel - 713.000000,40.000000,629.000000,798.000000,9,5400.000000,3375.000000,4
[Tue Mar 23 06:59:02 UTC 2021][INFO] [Action] EE UpdatePanelBoundsAction - 713.000061,11.999996,629.000061,825.999939,9,5400.000000,3375.000000,4
[Tue Mar 23 06:59:05 UTC 2021][INFO] [Action] EE UpdatePanelBoundsAction - 697.000122,11.999996,645.000122,825.999939,9,5400.000000,3375.000000,4
[Tue Mar 23 06:59:08 UTC 2021][INFO] [Action] EE UpdatePanelBoundsAction - 697.000122,11.999996,655.000122,825.999939,9,5400.000000,3375.000000,4
[Tue Mar 23 06:59:11 UTC 2021][INFO] [Action] EE UpdatePanelBoundsAction - 694.000122,6.999996,658.000122,830.999939,9,5400.000000,3375.000000,4
[Tue Mar 23 06:59:20 UTC 2021][INFO] [Action] EE AddPanel - 717.000000,34.000000,578.000000,52.000000,10,5400.000000,3375.000000,4
[Tue Mar 23 07:00:24 UTC 2021][INFO] [Action] EE UpdatePanelBoundsAction - 690.000183,6.999996,662.000183,830.999878,9,5400.000000,3375.000000,4
[Tue Mar 23 07:00:27 UTC 2021][INFO] [Action] EE UpdatePanelBoundsAction - 19.000002,106.999992,659.000000,710.999939,8,5400.000000,3375.000000,4
[Tue Mar 23 07:00:47 UTC 2021][INFO] [Action] E SaveBook - Save
[Tue Mar 23 07:01:03 UTC 2021][INFO] [Action] EE AddPanel - 935.000000,146.000000,323.000000,164.000000,11,5400.000000,3375.000000,4
[Tue Mar 23 07:01:11 UTC 2021][INFO] [Action] EE AddPanel - 704.000000,102.000000,237.000000,115.000000,12,5400.000000,3375.000000,4
[Tue Mar 23 07:01:17 UTC 2021][INFO] [Action] EE AddPanel - 751.000000,309.000000,228.000000,242.000000,13,5400.000000,3375.000000,4
[Tue Mar 23 07:01:35 UTC 2021][INFO] [Action] EE AddPanel - 1011.000000,614.000000,226.000000,136.000000,14,5400.000000,3375.000000,4
[Tue Mar 23 07:01:40 UTC 2021][INFO] [Action] EE AddPanel - 985.000000,505.000000,154.000000,84.000000,15,5400.000000,3375.000000,4
[Tue Mar 23 07:01:50 UTC 2021][INFO] [Action] EE AddPanel - 704.000000,87.000000,638.000000,743.000000,16,5400.000000,3375.000000,4
[Tue Mar 23 07:01:56 UTC 2021][INFO] [Action] EE UpdateMaskColorAction
[Tue Mar 23 07:01:58 UTC 2021][INFO] [Action] EE Scroll
[Tue Mar 23 07:01:59 UTC 2021][INFO] [Action] E ItemChanged - 5,232
[Tue Mar 23 07:02:06 UTC 2021][INFO] [Action] EE AddPanel - 8.000000,14.000000,486.000000,268.000000,1,5400.000000,3375.000000,5
[Tue Mar 23 07:02:08 UTC 2021][INFO] [Action] EE DeletePanel - 8.000001,13.999999,486.000031,268.000000,1,5
[Tue Mar 23 07:02:09 UTC 2021][INFO] [Action] EE AddPanel - 0.000000,0.187469,1361.000000,850.625061,1,5400.000000,3375.000000,5
[Tue Mar 23 07:02:21 UTC 2021][INFO] [Action] EE AddPanel - 6.000000,16.000000,669.000000,830.000000,2,5400.000000,3375.000000,5
[Tue Mar 23 07:02:25 UTC 2021][INFO] [Action] EE UpdatePanelBoundsAction - 6.000000,6.999999,669.000061,838.999939,2,5400.000000,3375.000000,5
[Tue Mar 23 07:02:30 UTC 2021][INFO] [Action] EE AddPanel - 64.000000,111.000000,285.000000,148.000000,3,5400.000000,3375.000000,5
[Tue Mar 23 07:02:37 UTC 2021][INFO] [Action] EE AddPanel - 170.000000,269.000000,182.000000,78.000000,4,5400.000000,3375.000000,5
[Tue Mar 23 07:02:50 UTC 2021][INFO] [Action] EE AddPanel - 285.000000,408.000000,206.000000,145.000000,5,5400.000000,3375.000000,5
[Tue Mar 23 07:02:54 UTC 2021][INFO] [Action] EE AddPanel - 197.000000,361.000000,127.000000,53.000000,6,5400.000000,3375.000000,5
[Tue Mar 23 07:03:02 UTC 2021][INFO] [Action] EE AddPanel - 21.000000,56.000000,640.000000,770.000000,7,5400.000000,3375.000000,5
[Tue Mar 23 07:03:11 UTC 2021][INFO] [Action] EE AddPanel - 786.000000,32.000000,462.000000,55.000000,8,5400.000000,3375.000000,5
[Tue Mar 23 07:03:16 UTC 2021][INFO] [Action] EE DeletePanel - 786.000061,31.999998,462.000031,54.999996,8,5
[Tue Mar 23 07:03:23 UTC 2021][INFO] [Action] EE AddPanel - 686.000000,14.000000,668.000000,834.000000,8,5400.000000,3375.000000,5
[Tue Mar 23 07:03:27 UTC 2021][INFO] [Action] EE AddPanel - 800.000000,30.000000,447.000000,61.000000,9,5400.000000,3375.000000,5
[Tue Mar 23 07:03:30 UTC 2021][INFO] [Action] EE AddPanel - 720.000000,185.000000,279.000000,269.000000,10,5400.000000,3375.000000,5
[Tue Mar 23 07:03:33 UTC 2021][INFO] [Action] EE AddPanel - 1067.000000,202.000000,217.000000,317.000000,11,5400.000000,3375.000000,5
[Tue Mar 23 07:03:39 UTC 2021][INFO] [Action] EE UpdatePanelBoundsAction - 1046.000122,201.999985,238.000000,317.000000,11,5400.000000,3375.000000,5
[Tue Mar 23 07:03:46 UTC 2021][INFO] [Action] EE AddPanel - 693.000000,117.000000,656.000000,709.000000,12,5400.000000,3375.000000,5
[Tue Mar 23 07:03:51 UTC 2021][INFO] [Action] EE UpdatePanelBoundsAction - 679.000061,12.999999,674.999939,834.999939,8,5400.000000,3375.000000,5
[Tue Mar 23 07:03:54 UTC 2021][INFO] [Action] EE UpdatePanelBoundsAction - 680.000122,1.999998,674.000000,845.999939,8,5400.000000,3375.000000,5
[Tue Mar 23 07:03:59 UTC 2021][INFO] [Action] EE UpdatePanelBoundsAction - 693.000061,116.999992,656.000061,720.999939,12,5400.000000,3375.000000,5
[Tue Mar 23 07:04:02 UTC 2021][INFO] [Action] EE UpdatePanelBoundsAction - 685.000122,116.999985,664.000122,720.999939,12,5400.000000,3375.000000,5
[Tue Mar 23 07:04:12 UTC 2021][INFO] [Action] EE UpdateMaskColorAction
[Tue Mar 23 07:04:14 UTC 2021][INFO] [Action] E ItemChanged - 6,295
[Tue Mar 23 07:04:17 UTC 2021][INFO] [Action] EE AddPanel - 0.000000,0.187469,1361.000000,850.625061,1,5400.000000,3375.000000,6
[Tue Mar 23 07:04:23 UTC 2021][INFO] [Action] EE AddPanel - 8.000000,16.000000,671.000000,826.000000,2,5400.000000,3375.000000,6
[Tue Mar 23 07:04:42 UTC 2021][INFO] [Action] EE AddPanel - 76.000000,40.000000,535.000000,224.000000,3,5400.000000,3375.000000,6
[Tue Mar 23 07:04:58 UTC 2021][INFO] [Action] EE AddPanel - 15.000000,28.000000,650.000000,305.000000,4,5400.000000,3375.000000,6
[Tue Mar 23 07:05:10 UTC 2021][INFO] [Action] EE AddPanel - 201.000000,352.000000,272.000000,39.000000,5,5400.000000,3375.000000,6
[Tue Mar 23 07:05:16 UTC 2021][INFO] [Action] EE UpdatePanelBoundsAction - 15.000001,27.999998,659.000061,371.000000,4,5400.000000,3375.000000,6
[Tue Mar 23 07:05:19 UTC 2021][INFO] [Action] EE UpdatePanelBoundsAction - 8.000001,4.999999,672.000061,837.000000,2,5400.000000,3375.000000,6
[Tue Mar 23 07:05:40 UTC 2021][INFO] [Action] EE AddPanel - 49.000000,426.000000,343.000000,119.000000,6,5400.000000,3375.000000,6
[Tue Mar 23 07:05:45 UTC 2021][INFO] [Action] EE AddPanel - 231.000000,605.000000,260.000000,146.000000,7,5400.000000,3375.000000,6
[Tue Mar 23 07:05:51 UTC 2021][INFO] [Action] EE AddPanel - 19.000000,412.000000,647.000000,420.000000,8,5400.000000,3375.000000,6
[Tue Mar 23 07:05:56 UTC 2021][INFO] [Action] EE AddPanel - 689.000000,18.000000,660.000000,825.000000,9,5400.000000,3375.000000,6
[Tue Mar 23 07:06:00 UTC 2021][INFO] [Action] EE UpdatePanelBoundsAction - 689.000061,5.999998,660.000061,836.999939,9,5400.000000,3375.000000,6
[Tue Mar 23 07:06:02 UTC 2021][INFO] [Action] EE Scroll
[Tue Mar 23 07:06:03 UTC 2021][INFO] [Action] EE Scroll
[Tue Mar 23 07:06:03 UTC 2021][INFO] [Action] EE Scroll
[Tue Mar 23 07:06:04 UTC 2021][INFO] [Action] E SaveBook - Save
[Tue Mar 23 09:00:24 UTC 2021][INFO] [Action] EE AddPanel - 734.000000,28.000000,558.000000,84.000000,10,5400.000000,3375.000000,6
[Tue Mar 23 09:00:42 UTC 2021][INFO] [Action] EE AddPanel - 738.000000,117.000000,543.000000,144.000000,11,5400.000000,3375.000000,6
[Tue Mar 23 09:00:48 UTC 2021][INFO] [Action] EE AddPanel - 715.000000,119.000000,596.000000,318.000000,12,5400.000000,3375.000000,6
[Tue Mar 23 09:00:55 UTC 2021][INFO] [Action] EE AddPanel - 752.000000,452.000000,151.000000,53.000000,13,5400.000000,3375.000000,6
[Tue Mar 23 09:01:03 UTC 2021][INFO] [Action] EE AddPanel - 925.000000,451.000000,277.000000,117.000000,14,5400.000000,3375.000000,6
[Tue Mar 23 09:01:06 UTC 2021][INFO] [Action] EE AddPanel - 841.000000,567.000000,229.000000,125.000000,15,5400.000000,3375.000000,6
[Tue Mar 23 09:01:12 UTC 2021][INFO] [Action] EE AddPanel - 765.000000,768.000000,513.000000,58.000000,16,5400.000000,3375.000000,6
[Tue Mar 23 09:01:18 UTC 2021][INFO] [Action] EE AddPanel - 707.000000,445.000000,623.000000,324.000000,17,5400.000000,3375.000000,6
[Tue Mar 23 09:01:19 UTC 2021][INFO] [Action] E SaveBook - Save
[Tue Mar 23 09:01:25 UTC 2021][INFO] [Action] EE UpdateMaskColorAction
[Tue Mar 23 09:01:28 UTC 2021][INFO] [Action] EE Scroll
[Tue Mar 23 09:01:28 UTC 2021][INFO] [Action] EE Scroll
[Tue Mar 23 09:01:30 UTC 2021][INFO] [Action] E ItemChanged - 7,383
[Tue Mar 23 09:01:34 UTC 2021][INFO] [Action] EE AddPanel - 0.000000,0.187469,1361.000000,850.625061,1,5400.000000,3375.000000,7
[Tue Mar 23 12:16:54 UTC 2021][INFO] [Action] E SaveBook - Save
[Tue Mar 23 12:17:00 UTC 2021][INFO] [Action] E ItemChanged - 6,295
[Tue Mar 23 12:17:02 UTC 2021][INFO] [Action] E ItemChanged - 7,383
[Tue Mar 23 12:17:08 UTC 2021][INFO] [Action] E ItemChanged - 8,391
[Tue Mar 23 12:17:09 UTC 2021][INFO] [Action] E ItemChanged - 9,394
[Tue Mar 23 12:17:11 UTC 2021][INFO] [Action] EE Scroll
[Tue Mar 23 12:17:12 UTC 2021][INFO] [Action] E ItemChanged - 18,421
[Tue Mar 23 12:17:14 UTC 2021][INFO] [Action] EE Scroll
[Tue Mar 23 12:17:14 UTC 2021][INFO] [Action] EE Scroll
[Tue Mar 23 12:17:28 UTC 2021][INFO] [Action] E ItemChanged - 3,86
[Tue Mar 23 12:17:29 UTC 2021][INFO] [Action] E ItemChanged - 4,149
[Tue Mar 23 12:17:32 UTC 2021][INFO] [Action] EE Scroll
[Tue Mar 23 12:17:32 UTC 2021][INFO] [Action] E ItemChanged - 5,232
[Tue Mar 23 12:17:34 UTC 2021][INFO] [Action] E ItemChanged - 6,295
[Tue Mar 23 12:17:36 UTC 2021][INFO] [Action] E ItemChanged - 7,383
[Tue Mar 23 12:17:37 UTC 2021][INFO] [Action] EE Scroll
[Tue Mar 23 12:21:44 UTC 2021][INFO] [Action] E SaveBook - Save
[Tue Mar 23 12:21:44 UTC 2021][INFO] Logger Terminated
[Wed Mar 24 01:26:39 UTC 2021][INFO] [Action] EE OpenBook - Funk-ItsNotHanselAndGretel-26710-IN-EBOOK-v2_KC.kcb
[Wed Mar 24 01:26:43 UTC 2021][INFO] [Action] E ItemChanged - 1,10
[Wed Mar 24 01:27:05 UTC 2021][INFO] [Action] E ItemChanged - 3,86
[Wed Mar 24 01:27:06 UTC 2021][INFO] [Action] E ItemChanged - 4,149
[Wed Mar 24 01:27:08 UTC 2021][INFO] [Action] EE Scroll
[Wed Mar 24 01:27:09 UTC 2021][INFO] [Action] E ItemChanged - 5,232
[Wed Mar 24 01:27:12 UTC 2021][INFO] [Action] E ItemChanged - 6,295
[Wed Mar 24 01:27:13 UTC 2021][INFO] [Action] E ItemChanged - 7,383
[Wed Mar 24 01:28:51 UTC 2021][INFO] [Action] EE AddPanel - 140.000000,32.000000,286.000000,71.000000,2,5400.000000,3375.000000,7
[Wed Mar 24 01:29:11 UTC 2021][INFO] [Action] EE AddPanel - 228.000000,105.000000,349.000000,109.000000,3,5400.000000,3375.000000,7
[Wed Mar 24 01:29:15 UTC 2021][INFO] [Action] EE AddPanel - 143.000000,333.000000,192.000000,62.000000,4,5400.000000,3375.000000,7
[Wed Mar 24 01:29:25 UTC 2021][INFO] [Action] EE AddPanel - 292.000000,396.000000,217.000000,79.000000,5,5400.000000,3375.000000,7
[Wed Mar 24 01:29:28 UTC 2021][INFO] [Action] EE AddPanel - 354.000000,488.000000,247.000000,64.000000,6,5400.000000,3375.000000,7
[Wed Mar 24 01:29:33 UTC 2021][INFO] [Action] EE AddPanel - 254.000000,544.000000,276.000000,249.000000,7,5400.000000,3375.000000,7
[Wed Mar 24 01:29:38 UTC 2021][INFO] [Action] EE UpdatePanelBoundsAction - 232.000015,547.999878,276.000000,249.000000,7,5400.000000,3375.000000,7
[Wed Mar 24 01:29:50 UTC 2021][INFO] [Action] EE AddPanel - 747.000000,23.000000,330.000000,112.000000,8,5400.000000,3375.000000,7
[Wed Mar 24 01:29:55 UTC 2021][INFO] [Action] EE AddPanel - 752.000000,136.000000,170.000000,73.000000,9,5400.000000,3375.000000,7
[Wed Mar 24 01:30:08 UTC 2021][INFO] [Action] EE AddPanel - 873.000000,201.000000,243.000000,54.000000,10,5400.000000,3375.000000,7
[Wed Mar 24 01:30:20 UTC 2021][INFO] [Action] EE UpdatePanelBoundsAction - 743.000061,136.000000,179.000000,73.000000,9,5400.000000,3375.000000,7
[Wed Mar 24 01:30:25 UTC 2021][INFO] [Action] EE NextPage
[Wed Mar 24 01:30:25 UTC 2021][INFO] [Action] EE NextPage
[Wed Mar 24 01:30:25 UTC 2021][INFO] [Action] EE Scroll
[Wed Mar 24 01:30:25 UTC 2021][INFO] [Action] EE NextPage
[Wed Mar 24 01:30:26 UTC 2021][INFO] [Action] E ItemChanged - 7,383
[Wed Mar 24 01:30:35 UTC 2021][INFO] [Action] EE AddPanel - 6.000000,14.000000,1338.000000,821.000000,11,5400.000000,3375.000000,7
[Wed Mar 24 01:30:42 UTC 2021][INFO] [Action] EE UpdateMaskColorAction
[Wed Mar 24 01:30:48 UTC 2021][INFO] [Action] E ItemChanged - 8,441
[Wed Mar 24 01:30:51 UTC 2021][INFO] [Action] E ItemChanged - 7,383
[Wed Mar 24 01:30:56 UTC 2021][INFO] [Action] E ItemChanged - 8,441
[Wed Mar 24 01:30:58 UTC 2021][INFO] [Action] EE AddPanel - 0.000000,0.187469,1361.000000,850.625061,1,5400.000000,3375.000000,8
[Wed Mar 24 01:31:33 UTC 2021][INFO] [Action] EE AddPanel - 7.000000,14.000000,672.000000,834.000000,2,5400.000000,3375.000000,8
[Wed Mar 24 01:31:36 UTC 2021][INFO] [Action] EE UpdatePanelBoundsAction - 7.000000,1.999999,672.000061,845.999939,2,5400.000000,3375.000000,8
[Wed Mar 24 01:32:26 UTC 2021][INFO] [Action] E SaveBook - Save
[Wed Mar 24 01:32:38 UTC 2021][INFO] [Action] EE AddPanel - 47.000000,47.000000,212.000000,59.000000,3,5400.000000,3375.000000,8
[Wed Mar 24 01:32:45 UTC 2021][INFO] [Action] EE Scroll
[Wed Mar 24 01:32:45 UTC 2021][INFO] [Action] EE Scroll
[Wed Mar 24 01:32:46 UTC 2021][INFO] [Action] EE Scroll
[Wed Mar 24 01:33:20 UTC 2021][INFO] [Action] EE AddPanel - 96.000000,107.000000,171.000000,72.000000,4,5400.000000,3375.000000,8
[Wed Mar 24 01:33:26 UTC 2021][INFO] [Action] EE AddPanel - 155.000000,187.000000,201.000000,100.000000,5,5400.000000,3375.000000,8
[Wed Mar 24 01:33:32 UTC 2021][INFO] [Action] EE AddPanel - 251.000000,291.000000,116.000000,111.000000,6,5400.000000,3375.000000,8
[Wed Mar 24 01:33:35 UTC 2021][INFO] [Action] EE UpdatePanelBoundsAction - 224.000015,290.999969,143.000015,111.000000,6,5400.000000,3375.000000,8
[Wed Mar 24 01:33:37 UTC 2021][INFO] [Action] EE UpdatePanelBoundsAction - 224.000031,284.999939,143.000031,117.000000,6,5400.000000,3375.000000,8
[Wed Mar 24 01:33:40 UTC 2021][INFO] [Action] EE UpdatePanelBoundsAction - 222.000046,280.999908,143.000046,117.000000,6,5400.000000,3375.000000,8
[Wed Mar 24 01:33:44 UTC 2021][INFO] [Action] EE UpdatePanelBoundsAction - 216.000061,280.999908,143.000061,117.000000,6,5400.000000,3375.000000,8
[Wed Mar 24 01:33:47 UTC 2021][INFO] [Action] EE UpdatePanelBoundsAction - 144.000015,187.000000,211.999985,100.000000,5,5400.000000,3375.000000,8
[Wed Mar 24 01:34:01 UTC 2021][INFO] [Action] EE AddPanel - 172.000000,758.000000,345.000000,62.000000,7,5400.000000,3375.000000,8
[Wed Mar 24 01:34:07 UTC 2021][INFO] [Action] EE AddPanel - 18.000000,23.000000,654.000000,818.000000,8,5400.000000,3375.000000,8
[Wed Mar 24 01:34:16 UTC 2021][INFO] [Action] EE AddPanel - 684.000000,16.000000,672.000000,825.000000,9,5400.000000,3375.000000,8
[Wed Mar 24 01:34:19 UTC 2021][INFO] [Action] EE UpdatePanelBoundsAction - 684.000061,4.999999,672.000061,835.999939,9,5400.000000,3375.000000,8
[Wed Mar 24 01:34:21 UTC 2021][INFO] [Action] EE UpdatePanelBoundsAction - 683.000122,4.999999,673.000122,835.999878,9,5400.000000,3375.000000,8
[Wed Mar 24 01:34:23 UTC 2021][INFO] [Action] EE UpdatePanelBoundsAction - 683.000183,4.999999,673.000061,839.999817,9,5400.000000,3375.000000,8
[Wed Mar 24 01:35:27 UTC 2021][INFO] [Action] EE AddPanel - 806.000000,48.000000,344.000000,163.000000,10,5400.000000,3375.000000,8
[Wed Mar 24 01:35:34 UTC 2021][INFO] [Action] EE AddPanel - 719.000000,191.000000,236.000000,79.000000,11,5400.000000,3375.000000,8
[Wed Mar 24 01:35:40 UTC 2021][INFO] [Action] EE AddPanel - 712.000000,272.000000,174.000000,127.000000,12,5400.000000,3375.000000,8
[Wed Mar 24 01:35:44 UTC 2021][INFO] [Action] EE AddPanel - 731.000000,400.000000,174.000000,165.000000,13,5400.000000,3375.000000,8
[Wed Mar 24 01:35:50 UTC 2021][INFO] [Action] EE AddPanel - 696.000000,27.000000,655.000000,804.000000,14,5400.000000,3375.000000,8
[Wed Mar 24 01:35:56 UTC 2021][INFO] [Action] EE UpdateMaskColorAction
[Wed Mar 24 01:35:59 UTC 2021][INFO] [Action] E ItemChanged - 9,514
[Wed Mar 24 01:36:02 UTC 2021][INFO] [Action] EE AddPanel - 0.000000,0.187469,1361.000000,850.625061,1,5400.000000,3375.000000,9
[Wed Mar 24 01:37:04 UTC 2021][INFO] [Action] EE AddPanel - 351.000000,21.000000,263.000000,93.000000,2,5400.000000,3375.000000,9
[Wed Mar 24 01:37:23 UTC 2021][INFO] [Action] EE AddPanel - 529.000000,108.000000,150.000000,91.000000,3,5400.000000,3375.000000,9
[Wed Mar 24 01:37:26 UTC 2021][INFO] [Action] EE UpdatePanelBoundsAction - 516.000061,107.999992,163.000000,90.999992,3,5400.000000,3375.000000,9
[Wed Mar 24 01:37:37 UTC 2021][INFO] [Action] EE AddPanel - 505.000000,242.000000,165.000000,70.000000,4,5400.000000,3375.000000,9
[Wed Mar 24 01:37:44 UTC 2021][INFO] [Action] EE AddPanel - 427.000000,305.000000,221.000000,144.000000,5,5400.000000,3375.000000,9
[Wed Mar 24 01:37:45 UTC 2021][INFO] [Action] E SaveBook - Save
[Wed Mar 24 01:37:48 UTC 2021][INFO] [Action] EE AddPanel - 796.000000,53.000000,154.000000,127.000000,6,5400.000000,3375.000000,9
[Wed Mar 24 01:37:59 UTC 2021][INFO] [Action] EE AddPanel - 992.000000,206.000000,166.000000,141.000000,7,5400.000000,3375.000000,9
[Wed Mar 24 01:38:05 UTC 2021][INFO] [Action] EE AddPanel - 968.000000,64.000000,329.000000,158.000000,8,5400.000000,3375.000000,9
[Wed Mar 24 01:38:09 UTC 2021][INFO] [Action] EE UpdatePanelBoundsAction - 960.000122,63.999996,337.000000,157.999985,8,5400.000000,3375.000000,9
[Wed Mar 24 01:38:20 UTC 2021][INFO] [Action] EE AddPanel - 6.000000,17.000000,1348.000000,822.000000,9,5400.000000,3375.000000,9
[Wed Mar 24 01:38:27 UTC 2021][INFO] [Action] EE UpdateMaskColorAction
[Wed Mar 24 01:38:28 UTC 2021][INFO] [Action] E ItemChanged - 8,441
[Wed Mar 24 01:38:29 UTC 2021][INFO] [Action] E ItemChanged - 9,514
[Wed Mar 24 01:38:30 UTC 2021][INFO] [Action] E ItemChanged - 10,562
[Wed Mar 24 01:38:39 UTC 2021][INFO] [Action] EE AddPanel - 0.000000,0.187469,1361.000000,850.625061,1,5400.000000,3375.000000,10
[Wed Mar 24 01:39:53 UTC 2021][INFO] [Action] EE AddPanel - 7.000000,11.000000,680.000000,828.000000,2,5400.000000,3375.000000,10
[Wed Mar 24 01:40:04 UTC 2021][INFO] [Action] EE AddPanel - 316.000000,37.000000,323.000000,112.000000,3,5400.000000,3375.000000,10
[Wed Mar 24 01:40:14 UTC 2021][INFO] [Action] EE AddPanel - 318.000000,155.000000,157.000000,103.000000,4,5400.000000,3375.000000,10
[Wed Mar 24 01:40:20 UTC 2021][INFO] [Action] EE AddPanel - 479.000000,191.000000,181.000000,119.000000,5,5400.000000,3375.000000,10
[Wed Mar 24 01:40:25 UTC 2021][INFO] [Action] EE AddPanel - 359.000000,321.000000,207.000000,117.000000,6,5400.000000,3375.000000,10
[Wed Mar 24 01:40:34 UTC 2021][INFO] [Action] EE AddPanel - 38.000000,617.000000,405.000000,188.000000,7,5400.000000,3375.000000,10
[Wed Mar 24 01:40:41 UTC 2021][INFO] [Action] EE AddPanel - 16.000000,27.000000,656.000000,798.000000,8,5400.000000,3375.000000,10
[Wed Mar 24 01:40:51 UTC 2021][INFO] [Action] EE AddPanel - 695.000000,16.000000,658.000000,831.000000,9,5400.000000,3375.000000,10
[Wed Mar 24 01:40:56 UTC 2021][INFO] [Action] EE AddPanel - 717.000000,43.000000,187.000000,66.000000,10,5400.000000,3375.000000,10
[Wed Mar 24 01:41:00 UTC 2021][INFO] [Action] EE AddPanel - 921.000000,71.000000,268.000000,96.000000,11,5400.000000,3375.000000,10
[Wed Mar 24 01:41:05 UTC 2021][INFO] [Action] EE AddPanel - 743.000000,158.000000,207.000000,109.000000,12,5400.000000,3375.000000,10
[Wed Mar 24 01:41:08 UTC 2021][INFO] [Action] EE AddPanel - 760.000000,349.000000,253.000000,169.000000,13,5400.000000,3375.000000,10
[Wed Mar 24 01:41:15 UTC 2021][INFO] [Action] EE UpdatePanelBoundsAction - 695.000061,8.999999,658.000061,837.999939,9,5400.000000,3375.000000,10
[Wed Mar 24 01:41:23 UTC 2021][INFO] [Action] EE AddPanel - 705.000000,28.000000,637.000000,807.000000,14,5400.000000,3375.000000,10
[Wed Mar 24 01:41:28 UTC 2021][INFO] [Action] EE UpdateMaskColorAction
[Wed Mar 24 01:41:30 UTC 2021][INFO] [Action] E ItemChanged - 11,635
[Wed Mar 24 01:41:31 UTC 2021][INFO] [Action] EE Scroll
[Wed Mar 24 01:41:35 UTC 2021][INFO] [Action] EE AddPanel - 0.000000,0.187469,1361.000000,850.625061,1,5400.000000,3375.000000,11
[Wed Mar 24 01:43:00 UTC 2021][INFO] [Action] EE AddPanel - 55.000000,35.000000,552.000000,64.000000,2,5400.000000,3375.000000,11
[Wed Mar 24 01:43:03 UTC 2021][INFO] [Action] E SaveBook - Save
[Wed Mar 24 01:43:19 UTC 2021][INFO] [Action] EE AddPanel - 85.000000,121.000000,219.000000,147.000000,3,5400.000000,3375.000000,11
[Wed Mar 24 01:43:48 UTC 2021][INFO] [Action] EE AddPanel - 329.000000,140.000000,255.000000,137.000000,4,5400.000000,3375.000000,11
[Wed Mar 24 01:43:51 UTC 2021][INFO] [Action] EE AddPanel - 727.000000,30.000000,320.000000,76.000000,5,5400.000000,3375.000000,11
[Wed Mar 24 01:43:55 UTC 2021][INFO] [Action] EE AddPanel - 744.000000,125.000000,351.000000,208.000000,6,5400.000000,3375.000000,11
[Wed Mar 24 01:43:58 UTC 2021][INFO] [Action] EE AddPanel - 512.000000,286.000000,183.000000,142.000000,7,5400.000000,3375.000000,11
[Wed Mar 24 01:44:03 UTC 2021][INFO] [Action] EE AddPanel - 727.000000,680.000000,168.000000,122.000000,8,5400.000000,3375.000000,11
[Wed Mar 24 01:44:07 UTC 2021][INFO] [Action] EE AddPanel - 924.000000,754.000000,280.000000,62.000000,9,5400.000000,3375.000000,11
[Wed Mar 24 01:44:12 UTC 2021][INFO] [Action] EE AddPanel - 15.000000,19.000000,1325.000000,814.000000,10,5400.000000,3375.000000,11
[Wed Mar 24 01:44:19 UTC 2021][INFO] [Action] EE UpdateMaskColorAction
[Wed Mar 24 01:44:21 UTC 2021][INFO] [Action] EE Scroll
[Wed Mar 24 01:44:22 UTC 2021][INFO] [Action] E ItemChanged - 12,688
[Wed Mar 24 01:44:28 UTC 2021][INFO] [Action] EE AddPanel - 0.000000,0.187469,1361.000000,850.625061,1,5400.000000,3375.000000,12
[Wed Mar 24 01:45:14 UTC 2021][INFO] [Action] EE AddPanel - 306.000000,27.000000,316.000000,76.000000,2,5400.000000,3375.000000,12
[Wed Mar 24 01:45:17 UTC 2021][INFO] [Action] EE AddPanel - 281.000000,110.000000,167.000000,71.000000,3,5400.000000,3375.000000,12
[Wed Mar 24 01:45:21 UTC 2021][INFO] [Action] EE AddPanel - 397.000000,191.000000,254.000000,69.000000,4,5400.000000,3375.000000,12
[Wed Mar 24 01:45:25 UTC 2021][INFO] [Action] EE AddPanel - 292.000000,292.000000,193.000000,128.000000,5,5400.000000,3375.000000,12
[Wed Mar 24 01:45:30 UTC 2021][INFO] [Action] EE AddPanel - 480.000000,346.000000,191.000000,94.000000,6,5400.000000,3375.000000,12
[Wed Mar 24 01:45:33 UTC 2021][INFO] [Action] EE AddPanel - 711.000000,679.000000,208.000000,142.000000,7,5400.000000,3375.000000,12
[Wed Mar 24 01:45:37 UTC 2021][INFO] [Action] EE AddPanel - 933.000000,726.000000,328.000000,82.000000,8,5400.000000,3375.000000,12
[Wed Mar 24 01:45:44 UTC 2021][INFO] [Action] EE AddPanel - 6.000000,8.000000,1331.000000,828.000000,9,5400.000000,3375.000000,12
[Wed Mar 24 01:45:50 UTC 2021][INFO] [Action] EE UpdateMaskColorAction
[Wed Mar 24 01:45:51 UTC 2021][INFO] [Action] E ItemChanged - 13,736
[Wed Mar 24 01:45:57 UTC 2021][INFO] [Action] EE AddPanel - 0.000000,0.187469,1361.000000,850.625061,1,5400.000000,3375.000000,13
[Wed Mar 24 01:46:10 UTC 2021][INFO] [Action] EE AddPanel - 6.000000,16.000000,669.000000,828.000000,2,5400.000000,3375.000000,13
[Wed Mar 24 01:46:17 UTC 2021][INFO] [Action] EE UpdatePanelBoundsAction - 6.000000,9.999999,668.000061,834.000000,2,5400.000000,3375.000000,13
[Wed Mar 24 01:47:27 UTC 2021][INFO] [Action] EE UpdatePanelBoundsAction - 6.000000,3.999999,668.000061,839.999939,2,5400.000000,3375.000000,13
[Wed Mar 24 01:47:36 UTC 2021][INFO] [Action] EE AddPanel - 122.000000,37.000000,280.000000,123.000000,3,5400.000000,3375.000000,13
[Wed Mar 24 01:47:39 UTC 2021][INFO] [Action] EE AddPanel - 40.000000,168.000000,236.000000,158.000000,4,5400.000000,3375.000000,13
[Wed Mar 24 01:47:43 UTC 2021][INFO] [Action] EE AddPanel - 377.000000,465.000000,291.000000,74.000000,5,5400.000000,3375.000000,13
[Wed Mar 24 01:47:48 UTC 2021][INFO] [Action] EE UpdatePanelBoundsAction - 377.000000,426.999969,291.000000,111.999969,5,5400.000000,3375.000000,13
[Wed Mar 24 01:47:57 UTC 2021][INFO] [Action] EE AddPanel - 13.000000,18.000000,654.000000,818.000000,6,5400.000000,3375.000000,13
[Wed Mar 24 01:48:05 UTC 2021][INFO] [Action] EE AddPanel - 679.000000,13.000000,681.000000,832.000000,7,5400.000000,3375.000000,13
[Wed Mar 24 01:48:09 UTC 2021][INFO] [Action] EE UpdatePanelBoundsAction - 681.000061,12.999999,679.000061,831.999939,7,5400.000000,3375.000000,13
[Wed Mar 24 01:48:25 UTC 2021][INFO] [Action] E SaveBook - Save
[Wed Mar 24 01:49:08 UTC 2021][INFO] [Action] EE UpdatePanelBoundsAction - 13.000001,17.999998,649.000000,817.999939,6,5400.000000,3375.000000,13
[Wed Mar 24 01:49:26 UTC 2021][INFO] [Action] EE UpdatePanelBoundsAction - 377.000000,426.999939,276.000000,110.999939,5,5400.000000,3375.000000,13
[Wed Mar 24 01:49:31 UTC 2021][INFO] [Action] EE UpdatePanelBoundsAction - 13.000002,17.999996,657.000000,819.999878,6,5400.000000,3375.000000,13
[Wed Mar 24 01:49:36 UTC 2021][INFO] [Action] EE UpdatePanelBoundsAction - 13.105927,18.082100,657.060608,819.624512,6,5400.000000,3375.000000,13
[Wed Mar 24 01:49:36 UTC 2021][INFO] [Action] EE UpdatePanelBoundsAction - 13.105927,18.082100,657.060608,819.372437,6,5400.000000,3375.000000,13
[Wed Mar 24 01:49:43 UTC 2021][INFO] [Action] EE UpdatePanelBoundsAction - 681.000122,-0.000002,679.000122,844.999878,7,5400.000000,3375.000000,13
[Wed Mar 24 01:49:58 UTC 2021][INFO] [Action] EE AddPanel - 756.000000,43.000000,134.000000,115.000000,8,5400.000000,3375.000000,13
[Wed Mar 24 01:50:04 UTC 2021][INFO] [Action] EE AddPanel - 897.000000,98.000000,158.000000,140.000000,9,5400.000000,3375.000000,13
[Wed Mar 24 01:50:08 UTC 2021][INFO] [Action] EE AddPanel - 1056.000000,30.000000,210.000000,153.000000,10,5400.000000,3375.000000,13
[Wed Mar 24 01:50:25 UTC 2021][INFO] [Action] EE AddPanel - 893.000000,566.000000,289.000000,77.000000,11,5400.000000,3375.000000,13
[Wed Mar 24 01:50:31 UTC 2021][INFO] [Action] EE AddPanel - 926.000000,653.000000,271.000000,91.000000,12,5400.000000,3375.000000,13
[Wed Mar 24 01:50:35 UTC 2021][INFO] [Action] EE AddPanel - 1191.000000,720.000000,118.000000,85.000000,13,5400.000000,3375.000000,13
[Wed Mar 24 01:50:41 UTC 2021][INFO] [Action] EE UpdatePanelBoundsAction - 1165.000122,719.999878,144.000000,85.000000,13,5400.000000,3375.000000,13
[Wed Mar 24 01:50:51 UTC 2021][INFO] [Action] EE AddPanel - 693.000000,16.000000,652.000000,816.000000,14,5400.000000,3375.000000,13
[Wed Mar 24 01:50:57 UTC 2021][INFO] [Action] EE UpdateMaskColorAction
[Wed Mar 24 01:50:59 UTC 2021][INFO] [Action] E ItemChanged - 14,809
[Wed Mar 24 01:50:59 UTC 2021][INFO] [Action] EE Scroll
[Wed Mar 24 01:51:00 UTC 2021][INFO] [Action] EE Scroll
[Wed Mar 24 01:51:07 UTC 2021][INFO] [Action] EE AddPanel - 0.000000,0.187469,1361.000000,850.625061,1,5400.000000,3375.000000,14
[Wed Mar 24 01:52:09 UTC 2021][INFO] [Action] EE AddPanel - 5.000000,7.000000,674.000000,837.000000,2,5400.000000,3375.000000,14
[Wed Mar 24 01:52:13 UTC 2021][INFO] [Action] EE UpdatePanelBoundsAction - 5.000000,2.000000,675.000061,841.999939,2,5400.000000,3375.000000,14
[Wed Mar 24 01:52:16 UTC 2021][INFO] [Action] EE UpdatePanelBoundsAction - 1.000000,2.000000,679.000122,840.999878,2,5400.000000,3375.000000,14
[Wed Mar 24 01:52:22 UTC 2021][INFO] [Action] EE AddPanel - 457.000000,52.000000,200.000000,143.000000,3,5400.000000,3375.000000,14
[Wed Mar 24 01:52:28 UTC 2021][INFO] [Action] EE AddPanel - 376.000000,207.000000,201.000000,110.000000,4,5400.000000,3375.000000,14
[Wed Mar 24 01:52:32 UTC 2021][INFO] [Action] EE AddPanel - 182.000000,580.000000,226.000000,88.000000,5,5400.000000,3375.000000,14
[Wed Mar 24 01:52:35 UTC 2021][INFO] [Action] EE AddPanel - 61.000000,720.000000,212.000000,102.000000,6,5400.000000,3375.000000,14
[Wed Mar 24 01:52:41 UTC 2021][INFO] [Action] EE AddPanel - 3.000000,17.000000,665.000000,820.000000,7,5400.000000,3375.000000,14
[Wed Mar 24 01:52:52 UTC 2021][INFO] [Action] EE AddPanel - 689.000000,14.000000,666.000000,827.000000,8,5400.000000,3375.000000,14
[Wed Mar 24 01:52:59 UTC 2021][INFO] [Action] EE UpdatePanelBoundsAction - 689.000061,5.999999,666.999939,834.999939,8,5400.000000,3375.000000,14
[Wed Mar 24 01:53:03 UTC 2021][INFO] [Action] EE UpdatePanelBoundsAction - 685.000122,5.999999,667.000000,834.999939,8,5400.000000,3375.000000,14
[Wed Mar 24 01:53:06 UTC 2021][INFO] [Action] EE UpdatePanelBoundsAction - 687.000122,9.999999,667.000122,834.999939,8,5400.000000,3375.000000,14
[Wed Mar 24 01:53:09 UTC 2021][INFO] [Action] EE UpdatePanelBoundsAction - 687.000122,3.999999,667.000122,840.999939,8,5400.000000,3375.000000,14
[Wed Mar 24 01:53:40 UTC 2021][INFO] [Action] EE AddPanel - 850.000000,36.000000,244.000000,142.000000,9,5400.000000,3375.000000,14
[Wed Mar 24 01:53:43 UTC 2021][INFO] [Action] EE AddPanel - 902.000000,179.000000,233.000000,96.000000,10,5400.000000,3375.000000,14
[Wed Mar 24 01:53:45 UTC 2021][INFO] [Action] E SaveBook - Save
[Wed Mar 24 01:53:50 UTC 2021][INFO] [Action] EE AddPanel - 890.000000,302.000000,172.000000,61.000000,11,5400.000000,3375.000000,14
[Wed Mar 24 01:53:54 UTC 2021][INFO] [Action] EE AddPanel - 692.000000,14.000000,658.000000,359.000000,12,5400.000000,3375.000000,14
[Wed Mar 24 01:53:58 UTC 2021][INFO] [Action] EE AddPanel - 805.000000,384.000000,269.000000,136.000000,13,5400.000000,3375.000000,14
[Wed Mar 24 01:54:01 UTC 2021][INFO] [Action] EE AddPanel - 859.000000,615.000000,294.000000,139.000000,14,5400.000000,3375.000000,14
[Wed Mar 24 01:54:06 UTC 2021][INFO] [Action] EE AddPanel - 695.000000,380.000000,647.000000,433.000000,15,5400.000000,3375.000000,14
[Wed Mar 24 01:54:13 UTC 2021][INFO] [Action] EE UpdateMaskColorAction
[Wed Mar 24 01:54:15 UTC 2021][INFO] [Action] E ItemChanged - 15,887
[Wed Mar 24 01:54:17 UTC 2021][INFO] [Action] EE Scroll
[Wed Mar 24 01:54:25 UTC 2021][INFO] [Action] EE AddPanel - 0.000000,0.187469,1361.000000,850.625061,1,5400.000000,3375.000000,15
[Wed Mar 24 01:54:26 UTC 2021][INFO] [Action] E ItemChanged - 14,809
[Wed Mar 24 01:54:31 UTC 2021][INFO] [Action] E ItemChanged - 15,887
[Wed Mar 24 01:54:43 UTC 2021][INFO] [Action] EE AddPanel - 5.000000,10.000000,674.000000,836.000000,2,5400.000000,3375.000000,15
[Wed Mar 24 01:54:47 UTC 2021][INFO] [Action] EE AddPanel - 62.000000,56.000000,549.000000,117.000000,3,5400.000000,3375.000000,15
[Wed Mar 24 01:54:50 UTC 2021][INFO] [Action] EE UpdatePanelBoundsAction - 62.000004,44.999996,549.000000,127.999985,3,5400.000000,3375.000000,15
[Wed Mar 24 01:54:56 UTC 2021][INFO] [Action] EE AddPanel - 18.000000,24.000000,644.000000,814.000000,4,5400.000000,3375.000000,15
[Wed Mar 24 01:55:03 UTC 2021][INFO] [Action] EE AddPanel - 683.000000,11.000000,672.000000,832.000000,5,5400.000000,3375.000000,15
[Wed Mar 24 01:55:06 UTC 2021][INFO] [Action] EE AddPanel - 770.000000,144.000000,239.000000,186.000000,6,5400.000000,3375.000000,15
[Wed Mar 24 02:42:37 UTC 2021][INFO] [Action] EE OpenBook - Funk-ItsNotHanselAndGretel-26710-IN-EBOOK-v2_KC.kcb
[Wed Mar 24 02:42:40 UTC 2021][INFO] [Action] EE Scroll
[Wed Mar 24 02:42:41 UTC 2021][INFO] [Action] E ItemChanged - 14,809
[Wed Mar 24 02:42:43 UTC 2021][INFO] [Action] E ItemChanged - 15,862
[Wed Mar 24 02:42:46 UTC 2021][INFO] [Action] E ItemChanged - 14,809
[Wed Mar 24 02:43:05 UTC 2021][INFO] [Action] EE AddPanel - 697.000000,18.000000,647.000000,363.000000,11,5400.000000,3375.000000,14
[Wed Mar 24 02:43:13 UTC 2021][INFO] [Action] EE DeletePanel - 697.000000,17.999998,647.000000,363.000000,11,14
[Wed Mar 24 02:43:19 UTC 2021][INFO] [Action] EE AddPanel - 888.000000,303.000000,171.000000,52.000000,11,5400.000000,3375.000000,14
[Wed Mar 24 02:43:25 UTC 2021][INFO] [Action] EE AddPanel - 696.000000,17.000000,651.000000,362.000000,12,5400.000000,3375.000000,14
[Wed Mar 24 02:43:35 UTC 2021][INFO] [Action] EE AddPanel - 847.000000,400.000000,223.000000,112.000000,13,5400.000000,3375.000000,14
[Wed Mar 24 02:43:37 UTC 2021][INFO] [Action] EE AddPanel - 866.000000,608.000000,302.000000,139.000000,14,5400.000000,3375.000000,14
[Wed Mar 24 02:43:41 UTC 2021][INFO] [Action] EE AddPanel - 700.000000,390.000000,643.000000,439.000000,15,5400.000000,3375.000000,14
[Wed Mar 24 02:43:47 UTC 2021][INFO] [Action] EE UpdateMaskColorAction
[Wed Mar 24 02:43:49 UTC 2021][INFO] [Action] E ItemChanged - 15,887
[Wed Mar 24 02:43:51 UTC 2021][INFO] [Action] EE AddPanel - 0.000000,0.187469,1361.000000,850.625061,1,5400.000000,3375.000000,15
[Wed Mar 24 02:43:58 UTC 2021][INFO] [Action] EE AddPanel - 10.000000,10.000000,662.000000,837.000000,2,5400.000000,3375.000000,15
[Wed Mar 24 02:44:03 UTC 2021][INFO] [Action] EE AddPanel - 44.000000,53.000000,547.000000,140.000000,3,5400.000000,3375.000000,15
[Wed Mar 24 02:44:07 UTC 2021][INFO] [Action] EE UpdatePanelBoundsAction - 44.000000,38.999996,547.000000,154.000000,3,5400.000000,3375.000000,15
[Wed Mar 24 02:44:15 UTC 2021][INFO] [Action] EE AddPanel - 32.000000,193.000000,623.000000,623.000000,4,5400.000000,3375.000000,15
[Wed Mar 24 02:45:27 UTC 2021][INFO] [Action] EE AddPanel - 685.000000,14.000000,668.000000,829.000000,5,5400.000000,3375.000000,15
[Wed Mar 24 02:45:33 UTC 2021][INFO] [Action] EE AddPanel - 767.000000,157.000000,227.000000,171.000000,6,5400.000000,3375.000000,15
[Wed Mar 24 02:45:51 UTC 2021][INFO] [Action] EE AddPanel - 736.000000,389.000000,202.000000,215.000000,7,5400.000000,3375.000000,15
[Wed Mar 24 02:45:53 UTC 2021][INFO] [Action] EE AddPanel - 940.000000,422.000000,225.000000,228.000000,8,5400.000000,3375.000000,15
[Wed Mar 24 02:46:00 UTC 2021][INFO] [Action] EE AddPanel - 704.000000,33.000000,634.000000,786.000000,9,5400.000000,3375.000000,15
[Wed Mar 24 02:46:04 UTC 2021][INFO] [Action] EE UpdatePanelBoundsAction - 682.000000,3.999999,668.000000,828.999939,5,5400.000000,3375.000000,15
[Wed Mar 24 02:46:07 UTC 2021][INFO] [Action] EE UpdatePanelBoundsAction - 682.000061,3.999999,667.999939,838.999878,5,5400.000000,3375.000000,15
[Wed Mar 24 02:46:10 UTC 2021][INFO] [Action] EE UpdatePanelBoundsAction - 704.000000,10.999996,634.000000,807.999939,9,5400.000000,3375.000000,15
[Wed Mar 24 02:46:33 UTC 2021][INFO] [Action] E ItemChanged - 16,935
[Wed Mar 24 02:46:34 UTC 2021][INFO] [Action] EE Scroll
[Wed Mar 24 02:46:34 UTC 2021][INFO] [Action] E ItemChanged - 15,887
[Wed Mar 24 02:46:41 UTC 2021][INFO] [Action] EE UpdateMaskColorAction
[Wed Mar 24 02:48:35 UTC 2021][INFO] [Action] E SaveBook - Save
[Wed Mar 24 02:48:38 UTC 2021][INFO] [Action] E ItemChanged - 16,935
[Wed Mar 24 02:48:39 UTC 2021][INFO] [Action] EE AddPanel - 0.000000,0.187469,1361.000000,850.625061,1,5400.000000,3375.000000,16
[Wed Mar 24 02:48:48 UTC 2021][INFO] [Action] EE AddPanel - 7.000000,15.000000,672.000000,829.000000,2,5400.000000,3375.000000,16
[Wed Mar 24 02:49:30 UTC 2021][INFO] [Action] EE UpdatePanelBoundsAction - 7.000000,10.999999,670.000061,832.999939,2,5400.000000,3375.000000,16
[Wed Mar 24 02:49:34 UTC 2021][INFO] [Action] EE AddPanel - 49.000000,37.000000,239.000000,207.000000,3,5400.000000,3375.000000,16
[Wed Mar 24 02:49:52 UTC 2021][INFO] [Action] EE DeletePanel - 49.000004,36.999996,239.000015,207.000000,3,16
[Wed Mar 24 02:49:58 UTC 2021][INFO] [Action] EE AddPanel - 295.000000,79.000000,214.000000,74.000000,3,5400.000000,3375.000000,16
[Wed Mar 24 02:50:00 UTC 2021][INFO] [Action] EE AddPanel - 42.000000,46.000000,250.000000,157.000000,4,5400.000000,3375.000000,16
[Wed Mar 24 02:50:05 UTC 2021][INFO] [Action] EE UpdatePanelBoundsAction - 39.000004,35.000000,250.000031,156.999985,4,5400.000000,3375.000000,16
[Wed Mar 24 02:50:11 UTC 2021][INFO] [Action] EE AddPanel - 429.000000,146.000000,176.000000,136.000000,5,5400.000000,3375.000000,16
[Wed Mar 24 02:50:13 UTC 2021][INFO] [Action] EE AddPanel - 281.000000,461.000000,215.000000,109.000000,6,5400.000000,3375.000000,16
[Wed Mar 24 02:50:16 UTC 2021][INFO] [Action] EE AddPanel - 133.000000,744.000000,288.000000,87.000000,7,5400.000000,3375.000000,16
[Wed Mar 24 02:50:22 UTC 2021][INFO] [Action] EE AddPanel - 20.000000,31.000000,632.000000,799.000000,8,5400.000000,3375.000000,16
[Wed Mar 24 02:50:30 UTC 2021][INFO] [Action] EE AddPanel - 685.000000,12.000000,668.000000,834.000000,9,5400.000000,3375.000000,16
[Wed Mar 24 02:50:49 UTC 2021][INFO] [Action] EE AddPanel - 863.000000,52.000000,282.000000,170.000000,10,5400.000000,3375.000000,16
[Wed Mar 24 02:50:53 UTC 2021][INFO] [Action] EE AddPanel - 997.000000,322.000000,145.000000,129.000000,11,5400.000000,3375.000000,16
[Wed Mar 24 02:50:56 UTC 2021][INFO] [Action] EE AddPanel - 952.000000,618.000000,160.000000,104.000000,12,5400.000000,3375.000000,16
[Wed Mar 24 02:51:02 UTC 2021][INFO] [Action] EE AddPanel - 702.000000,27.000000,640.000000,812.000000,13,5400.000000,3375.000000,16
[Wed Mar 24 02:51:11 UTC 2021][INFO] [Action] EE UpdateMaskColorAction
[Wed Mar 24 02:51:17 UTC 2021][INFO] [Action] EE UpdatePanelBoundsAction - 685.000000,3.000000,667.000000,842.999939,9,5400.000000,3375.000000,16
[Wed Mar 24 02:51:22 UTC 2021][INFO] [Action] EE UpdatePanelBoundsAction - 683.000000,3.000000,669.000000,842.999878,9,5400.000000,3375.000000,16
[Wed Mar 24 02:51:26 UTC 2021][INFO] [Action] EE UpdatePanelBoundsAction - 7.000001,4.999999,677.000122,838.999939,2,5400.000000,3375.000000,16
[Wed Mar 24 02:51:28 UTC 2021][INFO] [Action] EE UpdatePanelBoundsAction - 5.000001,4.999999,679.000183,838.999878,2,5400.000000,3375.000000,16
[Wed Mar 24 02:51:29 UTC 2021][INFO] [Action] EE Scroll
[Wed Mar 24 02:51:36 UTC 2021][INFO] [Action] EE UpdatePanelBoundsAction - 697.000061,17.999998,639.999939,811.999939,13,5400.000000,3375.000000,16
[Wed Mar 24 02:51:37 UTC 2021][INFO] [Action] E ItemChanged - 17,1003
[Wed Mar 24 02:51:40 UTC 2021][INFO] [Action] EE AddPanel - 0.000000,0.187469,1361.000000,850.625061,1,5400.000000,3375.000000,17
[Wed Mar 24 02:53:52 UTC 2021][INFO] [Action] E SaveBook - Save
[Wed Mar 24 02:53:59 UTC 2021][INFO] [Action] EE AddPanel - 142.000000,22.000000,350.000000,283.000000,2,5400.000000,3375.000000,17
[Wed Mar 24 02:54:03 UTC 2021][INFO] [Action] EE AddPanel - 333.000000,412.000000,195.000000,85.000000,3,5400.000000,3375.000000,17
[Wed Mar 24 02:54:10 UTC 2021][INFO] [Action] EE AddPanel - 878.000000,76.000000,161.000000,100.000000,4,5400.000000,3375.000000,17
[Wed Mar 24 02:54:13 UTC 2021][INFO] [Action] EE AddPanel - 1051.000000,77.000000,137.000000,126.000000,5,5400.000000,3375.000000,17
[Wed Mar 24 02:54:17 UTC 2021][INFO] [Action] EE AddPanel - 831.000000,215.000000,295.000000,128.000000,6,5400.000000,3375.000000,17
[Wed Mar 24 02:54:20 UTC 2021][INFO] [Action] EE AddPanel - 531.000000,420.000000,135.000000,109.000000,7,5400.000000,3375.000000,17
[Wed Mar 24 02:54:24 UTC 2021][INFO] [Action] EE AddPanel - 11.000000,11.000000,1340.000000,825.000000,8,5400.000000,3375.000000,17
[Wed Mar 24 02:54:30 UTC 2021][INFO] [Action] EE UpdateMaskColorAction
[Wed Mar 24 02:55:38 UTC 2021][INFO] [Action] E ItemChanged - 18,1046
[Wed Mar 24 02:55:41 UTC 2021][INFO] [Action] EE AddPanel - 0.000000,0.187469,1361.000000,850.625061,1,5400.000000,3375.000000,18
[Wed Mar 24 02:55:48 UTC 2021][INFO] [Action] EE UpdateMaskColorAction
[Wed Mar 24 02:56:15 UTC 2021][INFO] [Action] E ItemChanged - 17,1003
[Wed Mar 24 02:56:17 UTC 2021][INFO] [Action] E ItemChanged - 16,935
[Wed Mar 24 02:56:17 UTC 2021][INFO] [Action] E ItemChanged - 15,887
[Wed Mar 24 02:56:19 UTC 2021][INFO] [Action] E ItemChanged - 14,809
[Wed Mar 24 02:56:20 UTC 2021][INFO] [Action] EE Scroll
[Wed Mar 24 02:56:20 UTC 2021][INFO] [Action] E ItemChanged - 11,635
[Wed Mar 24 02:56:22 UTC 2021][INFO] [Action] E ItemChanged - 10,562
[Wed Mar 24 02:56:23 UTC 2021][INFO] [Action] EE Scroll
[Wed Mar 24 02:56:24 UTC 2021][INFO] [Action] E ItemChanged - 4,149
[Wed Mar 24 02:56:26 UTC 2021][INFO] [Action] EE Scroll
[Wed Mar 24 02:56:27 UTC 2021][INFO] [Action] E ItemChanged - 1,10
[Wed Mar 24 02:56:29 UTC 2021][INFO] [Action] E ItemChanged - 2,43
[Wed Mar 24 04:57:44 UTC 2021][INFO] Logger Terminated
[Wed Apr 14 02:41:00 UTC 2021][INFO] [Action] EE OpenBook - Funk-ItsNotHanselAndGretel-26710-IN-EBOOK-v2_KC.kcb
[Wed Apr 14 02:41:02 UTC 2021][INFO] [Action] E ItemChanged - 3,86
[Wed Apr 14 02:41:05 UTC 2021][INFO] [Action] E ItemChanged - 2,43
[Wed Apr 14 02:41:07 UTC 2021][INFO] [Action] E ItemChanged - 1,10
[Wed Apr 14 02:41:11 UTC 2021][INFO] [Action] EE Scroll
[Wed Apr 14 02:41:11 UTC 2021][INFO] [Action] EE Scroll
[Wed Apr 14 02:41:11 UTC 2021][INFO] [Action] E ItemChanged - 16,935
[Wed Apr 14 02:41:13 UTC 2021][INFO] [Action] E ItemChanged - 17,1003
[Wed Apr 14 02:41:19 UTC 2021][INFO] [Action] E ItemChanged - 16,935
[Wed Apr 14 02:41:22 UTC 2021][INFO] [Action] E ItemChanged - 15,887
[Wed Apr 14 02:41:23 UTC 2021][INFO] [Action] EE Scroll
[Wed Apr 14 02:41:25 UTC 2021][INFO] [Action] E ItemChanged - 13,736
[Wed Apr 14 02:41:44 UTC 2021][INFO] [Action] EE ClearPanels
[Wed Apr 14 02:41:56 UTC 2021][INFO] [Action] E ItemChanged - 12,688
[Wed Apr 14 02:41:59 UTC 2021][INFO] [Action] EE ClearPanels
[Wed Apr 14 02:42:12 UTC 2021][INFO] [Action] EE Scroll
[Wed Apr 14 02:42:13 UTC 2021][INFO] [Action] E ItemChanged - 11,635
[Wed Apr 14 02:42:17 UTC 2021][INFO] [Action] EE ClearPanels
[Wed Apr 14 02:42:28 UTC 2021][INFO] [Action] EE NextPage
[Wed Apr 14 02:42:45 UTC 2021][INFO] [Action] E ItemChanged - 10,562
[Wed Apr 14 02:42:54 UTC 2021][INFO] [Action] E ItemChanged - 9,514
[Wed Apr 14 02:42:58 UTC 2021][INFO] [Action] E ItemChanged - 10,562
[Wed Apr 14 02:42:59 UTC 2021][INFO] [Action] E ItemChanged - 11,635
[Wed Apr 14 02:43:15 UTC 2021][INFO] [Action] E ItemChanged - 12,638
[Wed Apr 14 02:43:28 UTC 2021][INFO] [Action] E ItemChanged - 13,641
[Wed Apr 14 02:43:29 UTC 2021][INFO] [Action] EE Scroll
[Wed Apr 14 02:44:15 UTC 2021][INFO] [Action] EE Scroll
[Wed Apr 14 02:44:16 UTC 2021][INFO] [Action] E ItemChanged - 14,644
[Wed Apr 14 02:44:21 UTC 2021][INFO] [Action] EE ClearPanels
[Wed Apr 14 02:44:23 UTC 2021][INFO] [Action] EE Scroll
[Wed Apr 14 02:44:25 UTC 2021][INFO] [Action] E SaveBook - Save
[Wed Apr 14 02:44:26 UTC 2021][INFO] [Action] E ItemChanged - 11,635
[Wed Apr 14 02:44:29 UTC 2021][INFO] [Action] E ItemChanged - 12,638
[Wed Apr 14 02:44:31 UTC 2021][INFO] [Action] E ItemChanged - 13,641
[Wed Apr 14 02:44:36 UTC 2021][INFO] [Action] EE Scroll
[Wed Apr 14 02:44:36 UTC 2021][INFO] [Action] EE Scroll
[Wed Apr 14 02:44:37 UTC 2021][INFO] [Action] E ItemChanged - 7,383
[Wed Apr 14 02:44:40 UTC 2021][INFO] [Action] E ItemChanged - 8,441
[Wed Apr 14 02:44:41 UTC 2021][INFO] [Action] EE Scroll
[Wed Apr 14 02:44:49 UTC 2021][INFO] [Action] EE ClearPanels
[Wed Apr 14 02:44:52 UTC 2021][INFO] [Action] EE NextPage
[Wed Apr 14 02:44:52 UTC 2021][INFO] [Action] EE Scroll
[Wed Apr 14 02:44:54 UTC 2021][INFO] [Action] EE ClearPanels
[Wed Apr 14 02:45:11 UTC 2021][INFO] [Action] EE NextPage
[Wed Apr 14 02:45:12 UTC 2021][INFO] [Action] EE Scroll
[Wed Apr 14 02:45:15 UTC 2021][INFO] [Action] EE ClearPanels
[Wed Apr 14 02:45:33 UTC 2021][INFO] [Action] EE NextPage
[Wed Apr 14 02:45:33 UTC 2021][INFO] [Action] EE Scroll
[Wed Apr 14 03:14:57 UTC 2021][INFO] [Action] E SaveBook - Save
[Wed Apr 14 03:14:58 UTC 2021][INFO] Logger Terminated
[Thu Aug 05 05:18:39 UTC 2021][INFO] [Action] EE OpenBook - Funk-ItsNotHanselAndGretel-26710-IN-EBOOK-v2_KC.kcb
[Thu Aug 05 05:18:43 UTC 2021][INFO] [Action] E ItemChanged - 3,86
[Thu Aug 05 05:18:59 UTC 2021][INFO] [Action] E ItemChanged - 4,149
[Thu Aug 05 05:19:01 UTC 2021][INFO] [Action] EE Scroll
[Thu Aug 05 05:19:02 UTC 2021][INFO] [Action] E ItemChanged - 10,447
[Thu Aug 05 12:41:36 UTC 2021][INFO] [Action] E SaveBook - Save
[Thu Aug 05 12:41:36 UTC 2021][INFO] Logger Terminated
[Wed Sep 01 09:35:20 UTC 2021][INFO] [Action] EE OpenBook - Funk-ItsNotHanselAndGretel-26710-IN-EBOOK-v2_KC.kcb
[Wed Sep 01 09:35:31 UTC 2021][INFO] [Action] E ItemChanged - 1,10
[Wed Sep 01 09:35:33 UTC 2021][INFO] [Action] E ItemChanged - 2,43
[Wed Sep 01 09:35:37 UTC 2021][INFO] [Action] EE Scroll
[Wed Sep 01 09:35:37 UTC 2021][INFO] [Action] EE Scroll
[Wed Sep 01 09:35:39 UTC 2021][INFO] [Action] E ItemChanged - 17,578
[Wed Sep 01 09:35:40 UTC 2021][INFO] [Action] E ItemChanged - 15,462
[Wed Sep 01 09:35:41 UTC 2021][INFO] [Action] EE Scroll
[Wed Sep 01 09:35:41 UTC 2021][INFO] [Action] E ItemChanged - 11,450
[Wed Sep 01 09:35:43 UTC 2021][INFO] [Action] E ItemChanged - 10,447
[Wed Sep 01 09:35:46 UTC 2021][INFO] [Action] EE Scroll
[Wed Sep 01 09:35:46 UTC 2021][INFO] [Action] E ItemChanged - 6,295
[Wed Sep 01 09:35:48 UTC 2021][INFO] [Action] E ItemChanged - 5,232
[Wed Sep 01 09:36:06 UTC 2021][INFO] [Action] E ItemChanged - 4,149
[Wed Sep 01 11:59:32 UTC 2021][INFO] [Action] E ItemChanged - 6,295
[Wed Sep 01 11:59:36 UTC 2021][INFO] [Action] E ItemChanged - 5,232
[Wed Sep 01 11:59:36 UTC 2021][INFO] [Action] E ItemChanged - 6,295
[Wed Sep 01 11:59:37 UTC 2021][INFO] [Action] E ItemChanged - 7,383
[Wed Sep 01 11:59:38 UTC 2021][INFO] [Action] EE Scroll
[Wed Sep 01 11:59:40 UTC 2021][INFO] [Action] E ItemChanged - 10,447
[Wed Sep 01 12:16:53 UTC 2021][INFO] [Action] E SaveBook - Save
[Wed Sep 01 12:16:53 UTC 2021][INFO] Logger Terminated
[Fri Sep 03 11:12:36 UTC 2021][INFO] [Action] EE OpenBook - Funk-ItsNotHanselAndGretel-26710-IN-EBOOK-v2_KC.kcb
[Fri Sep 03 11:12:38 UTC 2021][INFO] [Action] E ItemChanged - 3,86
[Fri Sep 03 11:12:39 UTC 2021][INFO] [Action] E ItemChanged - 4,149
[Fri Sep 03 11:12:40 UTC 2021][INFO] [Action] EE Scroll
[Fri Sep 03 11:12:40 UTC 2021][INFO] [Action] EE Scroll
[Fri Sep 03 11:12:41 UTC 2021][INFO] [Action] E ItemChanged - 12,453
[Fri Sep 03 11:12:43 UTC 2021][INFO] [Action] E ItemChanged - 11,450
[Fri Sep 03 11:12:44 UTC 2021][INFO] [Action] EE Scroll
[Fri Sep 03 11:12:44 UTC 2021][INFO] [Action] EE Scroll
[Fri Sep 03 11:12:45 UTC 2021][INFO] [Action] E ItemChanged - 7,383
[Fri Sep 03 11:12:46 UTC 2021][INFO] [Action] E ItemChanged - 8,441
[Fri Sep 03 11:12:47 UTC 2021][INFO] [Action] EE Scroll
[Fri Sep 03 11:12:47 UTC 2021][INFO] [Action] E ItemChanged - 10,447
[Fri Sep 03 11:40:11 UTC 2021][INFO] [Action] E SaveBook - Save
[Fri Sep 03 11:40:11 UTC 2021][INFO] Logger Terminated
